#
# A fatal error has been detected by the Java Runtime Environment:
#
#  SIGSEGV (0xb) at pc=0x00007f12af476aa2, pid=13383, tid=0x00007f12cf042700
#
# JRE version: Java(TM) SE Runtime Environment (8.0_191-b12) (build 1.8.0_191-b12)
# Java VM: Java HotSpot(TM) 64-Bit Server VM (25.191-b12 mixed mode linux-amd64 compressed oops)
# Problematic frame:
# C  [libabc.so.0.0.1+0x3a9aa2]  __gnu_cxx::__normal_iterator<Vlab::SMT::Visitable**, std::vector<Vlab::SMT::Visitable*, std::allocator<Vlab::SMT::Visitable*> > >::__normal_iterator(Vlab::SMT::Visitable** const&)+0x10
#
# Failed to write core dump. Core dumps have been disabled. To enable core dumping, try "ulimit -c unlimited" before starting Java again
#
# If you would like to submit a bug report, please visit:
#   http://bugreport.java.com/bugreport/crash.jsp
# The crash happened outside the Java Virtual Machine in native code.
# See problematic frame for where to report the bug.
#

---------------  T H R E A D  ---------------

Current thread (0x00007f12c800a800):  JavaThread "main" [_thread_in_native, id=13384, stack(0x00007f12cef42000,0x00007f12cf043000)]

siginfo: si_signo: 11 (SIGSEGV), si_code: 1 (SEGV_MAPERR), si_addr: 0x0000000000000048

Registers:
RAX=0x0000000000000048, RBX=0x00007f12b5a7e9c0, RCX=0x00007f12c80ea780, RDX=0x0000000000000048
RSP=0x00007f12cf041550, RBP=0x00007f12cf041550, RSI=0x0000000000000048, RDI=0x00007f12cf041570
R8 =0x00007f12b57671a8, R9 =0x0000000000000004, R10=0x0000000000002a4f, R11=0x00007f12af476a92
R12=0x0000000000000000, R13=0x00007f12b5a7e9b8, R14=0x00007f12cf0419d8, R15=0x00007f12c800a800
RIP=0x00007f12af476aa2, EFLAGS=0x0000000000010202, CSGSFS=0x0000000000000033, ERR=0x0000000000000004
  TRAPNO=0x000000000000000e

Top of Stack: (sp=0x00007f12cf041550)
0x00007f12cf041550:   00007f12cf041580 00007f12af470a8e
0x00007f12cf041560:   0000000000000040 0000000000000040
0x00007f12cf041570:   00007f12b5a7e9c0 1a92ba918401f500
0x00007f12cf041580:   00007f12cf0415c0 00007f12af46d509
0x00007f12cf041590:   0000000000000004 0000000000000040
0x00007f12cf0415a0:   0000000000000000 00007f12b57671a8
0x00007f12cf0415b0:   00007f12b5a7e9c0 1a92ba918401f500
0x00007f12cf0415c0:   00007f12cf0415e0 00007f12af46786e
0x00007f12cf0415d0:   00007f12b5a7e9c0 0000000000000000
0x00007f12cf0415e0:   00007f12cf041600 00007f12af434a78
0x00007f12cf0415f0:   00007f12c80ea780 00007f12cf0416d0
0x00007f12cf041600:   00007f12cf041840 00007f12af43554d
0x00007f12cf041610:   0000000000000001 00000005cf0415c8
0x00007f12cf041620:   00007f12c80ea780 00007f12cf0418c0
0x00007f12cf041630:   00007f12cf041600 00007f12af948ef0
0x00007f12cf041640:   0000000000000000 00007f12b5a7e9b8
0x00007f12cf041650:   00007f12cf0419d8 00007f12c800a800
0x00007f12cf041660:   00007f12cf041950 00007f12cee55ac6
0x00007f12cf041670:   0000000000000005 0000000000000000
0x00007f12cf041680:   00007f12cf0416b0 00007f12af1165d0
0x00007f12cf041690:   00007f12cf041830 00007f12cee5d923
0x00007f12cf0416a0:   000000003f400000 0000000000000000
0x00007f12cf0416b0:   0000000000000000 0000000000000000
0x00007f12cf0416c0:   00007f12c80092e0 00007f12c8007cd0
0x00007f12cf0416d0:   0000000000000000 0000000000000000
0x00007f12cf0416e0:   0000000000000000 0000000000000000
0x00007f12cf0416f0:   0000000000000000 0000000000000000
0x00007f12cf041700:   0000000000000000 0000000000000000
0x00007f12cf041710:   0000000000000000 0000000000000000
0x00007f12cf041720:   ffffffffff000000 00000000000000ff
0x00007f12cf041730:   0000000000000000 0000000000000000
0x00007f12cf041740:   0000000000000000 0000000000000000 

Instructions: (pc=0x00007f12af476aa2)
0x00007f12af476a82:   00 74 05 e8 a6 1a fa ff 48 83 c4 48 5b 5d c3 90
0x00007f12af476a92:   55 48 89 e5 48 89 7d f8 48 89 75 f0 48 8b 45 f0
0x00007f12af476aa2:   48 8b 10 48 8b 45 f8 48 89 10 90 5d c3 90 55 48
0x00007f12af476ab2:   89 e5 48 89 7d f8 48 89 75 f0 90 5d c3 90 55 48 

Register to memory mapping:

RAX=0x0000000000000048 is an unknown value
RBX={method} {0x00007f12b5a7e9c0} 'getSatisfyingExamplesRandomBounded' '(I)Ljava/util/Map;' in 'vlab/cs/ucsb/edu/DriverProxy'
RCX=0x00007f12c80ea780 is an unknown value
RDX=0x0000000000000048 is an unknown value
RSP=0x00007f12cf041550 is pointing into the stack for thread: 0x00007f12c800a800
RBP=0x00007f12cf041550 is pointing into the stack for thread: 0x00007f12c800a800
RSI=0x0000000000000048 is an unknown value
RDI=0x00007f12cf041570 is pointing into the stack for thread: 0x00007f12c800a800
R8 ={method} {0x00007f12b57671a8} '<init>' '()V' in 'java/util/HashMap'
R9 =0x0000000000000004 is an unknown value
R10=0x0000000000002a4f is an unknown value
R11=0x00007f12af476a92: _ZN9__gnu_cxx17__normal_iteratorIPPN4Vlab3SMT9VisitableESt6vectorIS4_SaIS4_EEEC1ERKS5_+0 in /usr/local/lib/libabc.so.0.0.1 at 0x00007f12af0cd000
R12=0x0000000000000000 is an unknown value
R13=0x00007f12b5a7e9b8 is pointing into metadata
R14=0x00007f12cf0419d8 is pointing into the stack for thread: 0x00007f12c800a800
R15=0x00007f12c800a800 is a thread


Stack: [0x00007f12cef42000,0x00007f12cf043000],  sp=0x00007f12cf041550,  free space=1021k
Native frames: (J=compiled Java code, j=interpreted, Vv=VM code, C=native code)
C  [libabc.so.0.0.1+0x3a9aa2]  __gnu_cxx::__normal_iterator<Vlab::SMT::Visitable**, std::vector<Vlab::SMT::Visitable*, std::allocator<Vlab::SMT::Visitable*> > >::__normal_iterator(Vlab::SMT::Visitable** const&)+0x10
C  [libabc.so.0.0.1+0x3a3a8e]  std::vector<Vlab::SMT::Visitable*, std::allocator<Vlab::SMT::Visitable*> >::end()+0x32
C  [libabc.so.0.0.1+0x3a0509]  std::vector<Vlab::SMT::Visitable*, std::allocator<Vlab::SMT::Visitable*> >::back()+0x27
C  [libabc.so.0.0.1+0x39a86e]  Vlab::Solver::SymbolTable::top_scope()+0x1c
C  [libabc.so.0.0.1+0x367a78]  Vlab::Driver::getSatisfyingVariables() const+0x20
C  [libabc.so.0.0.1+0x36854d]  Vlab::Driver::getSatisfyingExamplesRandomBounded[abi:cxx11](int)+0x59
C  [libabc.so.0.0.1+0x377783]  Java_vlab_cs_ucsb_edu_DriverProxy_getSatisfyingExamplesRandomBounded+0xe2
j  vlab.cs.ucsb.edu.DriverProxy.getSatisfyingExamplesRandomBounded(I)Ljava/util/Map;+0
j  ExampleUsage.main([Ljava/lang/String;)V+13
v  ~StubRoutines::call_stub
V  [libjvm.so+0x6852db]  JavaCalls::call_helper(JavaValue*, methodHandle*, JavaCallArguments*, Thread*)+0xddb
V  [libjvm.so+0x6d0121]  jni_invoke_static(JNIEnv_*, JavaValue*, _jobject*, JNICallType, _jmethodID*, JNI_ArgumentPusher*, Thread*) [clone .isra.96] [clone .constprop.117]+0x1e1
V  [libjvm.so+0x6d238b]  jni_CallStaticVoidMethod+0x15b
C  [libjli.so+0x882c]  JavaMain+0xa3c
C  [libpthread.so.0+0x76ba]  start_thread+0xca

Java frames: (J=compiled Java code, j=interpreted, Vv=VM code)
j  vlab.cs.ucsb.edu.DriverProxy.getSatisfyingExamplesRandomBounded(I)Ljava/util/Map;+0
j  ExampleUsage.main([Ljava/lang/String;)V+13
v  ~StubRoutines::call_stub

---------------  P R O C E S S  ---------------

Java Threads: ( => current thread )
  0x00007f12c80c9000 JavaThread "Service Thread" daemon [_thread_blocked, id=13396, stack(0x00007f12afa64000,0x00007f12afb65000)]
  0x00007f12c80be000 JavaThread "C1 CompilerThread2" daemon [_thread_blocked, id=13395, stack(0x00007f12afb65000,0x00007f12afc66000)]
  0x00007f12c80bc800 JavaThread "C2 CompilerThread1" daemon [_thread_blocked, id=13394, stack(0x00007f12afc66000,0x00007f12afd67000)]
  0x00007f12c80b9800 JavaThread "C2 CompilerThread0" daemon [_thread_blocked, id=13393, stack(0x00007f12afd67000,0x00007f12afe68000)]
  0x00007f12c80b8000 JavaThread "Signal Dispatcher" daemon [_thread_blocked, id=13392, stack(0x00007f12b4075000,0x00007f12b4176000)]
  0x00007f12c8084800 JavaThread "Finalizer" daemon [_thread_blocked, id=13391, stack(0x00007f12b4176000,0x00007f12b4277000)]
  0x00007f12c8082000 JavaThread "Reference Handler" daemon [_thread_blocked, id=13390, stack(0x00007f12b4277000,0x00007f12b4378000)]
=>0x00007f12c800a800 JavaThread "main" [_thread_in_native, id=13384, stack(0x00007f12cef42000,0x00007f12cf043000)]

Other Threads:
  0x00007f12c8078800 VMThread [stack: 0x00007f12b4378000,0x00007f12b4479000] [id=13389]
  0x00007f12c80ce000 WatcherThread [stack: 0x00007f12af963000,0x00007f12afa64000] [id=13397]

VM state:not at safepoint (normal execution)

VM Mutex/Monitor currently owned by a thread: None

Heap:
 PSYoungGen      total 150016K, used 5160K [0x0000000719100000, 0x0000000723800000, 0x00000007c0000000)
  eden space 129024K, 4% used [0x0000000719100000,0x000000071960a3f8,0x0000000720f00000)
  from space 20992K, 0% used [0x0000000722380000,0x0000000722380000,0x0000000723800000)
  to   space 20992K, 0% used [0x0000000720f00000,0x0000000720f00000,0x0000000722380000)
 ParOldGen       total 343040K, used 0K [0x00000005cb200000, 0x00000005e0100000, 0x0000000719100000)
  object space 343040K, 0% used [0x00000005cb200000,0x00000005cb200000,0x00000005e0100000)
 Metaspace       used 2512K, capacity 4490K, committed 4864K, reserved 1056768K
  class space    used 268K, capacity 386K, committed 512K, reserved 1048576K

Card table byte_map: [0x00007f12b7c98000,0x00007f12b8c40000] byte_map_base: 0x00007f12b4e3f000

Marking Bits: (ParMarkBitMap*) 0x00007f12ce425d40
 Begin Bits: [0x00007f1288590000, 0x00007f12902c8000)
 End Bits:   [0x00007f12902c8000, 0x00007f1298000000)

Polling page: 0x00007f12cf069000

CodeCache: size=245760Kb used=1081Kb max_used=1081Kb free=244678Kb
 bounds [0x00007f12b9000000, 0x00007f12b9270000, 0x00007f12c8000000]
 total_blobs=242 nmethods=13 adapters=144
 compilation: enabled

Compilation events (10 events):
Event: 0.040 Thread 0x00007f12c80be000   10       3       java.lang.Math::min (11 bytes)
Event: 0.040 Thread 0x00007f12c80be000 nmethod 10 0x00007f12b910cd50 code [0x00007f12b910cec0, 0x00007f12b910d050]
Event: 0.040 Thread 0x00007f12c80be000    9       3       java.util.Arrays::copyOfRange (63 bytes)
Event: 0.040 Thread 0x00007f12c80be000 nmethod 9 0x00007f12b910bad0 code [0x00007f12b910bce0, 0x00007f12b910c818]
Event: 0.040 Thread 0x00007f12c80be000   11       1       java.lang.ref.Reference::get (5 bytes)
Event: 0.040 Thread 0x00007f12c80be000 nmethod 11 0x00007f12b910d1d0 code [0x00007f12b910d320, 0x00007f12b910d430]
Event: 0.040 Thread 0x00007f12c80be000   12       1       java.lang.ThreadLocal::access$400 (5 bytes)
Event: 0.041 Thread 0x00007f12c80be000 nmethod 12 0x00007f12b910d490 code [0x00007f12b910d5e0, 0x00007f12b910d6d0]
Event: 0.041 Thread 0x00007f12c80be000   13       3       java.lang.String::getChars (62 bytes)
Event: 0.041 Thread 0x00007f12c80be000 nmethod 13 0x00007f12b910dd50 code [0x00007f12b910df00, 0x00007f12b910e338]

GC Heap History (0 events):
No events

Deoptimization events (0 events):
No events

Classes redefined (0 events):
No events

Internal exceptions (2 events):
Event: 0.025 Thread 0x00007f12c800a800 Exception <a 'java/lang/NoSuchMethodError': Method sun.misc.Unsafe.defineClass(Ljava/lang/String;[BII)Ljava/lang/Class; name or signature does not match> (0x0000000719107cb0) thrown at [/HUDSON/workspace/8-2-build-linux-amd64/jdk8u191/11894/hotspot/src/sh
Event: 0.025 Thread 0x00007f12c800a800 Exception <a 'java/lang/NoSuchMethodError': Method sun.misc.Unsafe.prefetchRead(Ljava/lang/Object;J)V name or signature does not match> (0x0000000719107f98) thrown at [/HUDSON/workspace/8-2-build-linux-amd64/jdk8u191/11894/hotspot/src/share/vm/prims/jni.c

Events (10 events):
Event: 0.042 loading class java/lang/Class$MethodArray
Event: 0.042 loading class java/lang/Class$MethodArray done
Event: 0.042 loading class java/lang/Void
Event: 0.042 loading class java/lang/Void done
Event: 0.042 loading class vlab/cs/ucsb/edu/DriverProxy
Event: 0.042 loading class vlab/cs/ucsb/edu/DriverProxy done
Event: 0.042 loading class java/lang/Package
Event: 0.042 loading class java/lang/Package done
Event: 0.043 loading class java/lang/ClassLoaderHelper
Event: 0.043 loading class java/lang/ClassLoaderHelper done


Dynamic libraries:
00400000-00401000 r-xp 00000000 08:02 5305917                            /usr/lib/jvm/java-8-oracle/jre/bin/java
00600000-00601000 r--p 00000000 08:02 5305917                            /usr/lib/jvm/java-8-oracle/jre/bin/java
00601000-00602000 rw-p 00001000 08:02 5305917                            /usr/lib/jvm/java-8-oracle/jre/bin/java
017c3000-017e4000 rw-p 00000000 00:00 0                                  [heap]
5cb200000-5e0100000 rw-p 00000000 00:00 0 
5e0100000-719100000 ---p 00000000 00:00 0 
719100000-723800000 rw-p 00000000 00:00 0 
723800000-7c0000000 ---p 00000000 00:00 0 
7c0000000-7c0080000 rw-p 00000000 00:00 0 
7c0080000-800000000 ---p 00000000 00:00 0 
7f11e61ef000-7f11e61fb000 r-xp 00000000 08:02 5375070                    /usr/local/lib/libmonadfa.so.1.0.4
7f11e61fb000-7f11e63fa000 ---p 0000c000 08:02 5375070                    /usr/local/lib/libmonadfa.so.1.0.4
7f11e63fa000-7f11e63fb000 r--p 0000b000 08:02 5375070                    /usr/local/lib/libmonadfa.so.1.0.4
7f11e63fb000-7f11e63fc000 rw-p 0000c000 08:02 5375070                    /usr/local/lib/libmonadfa.so.1.0.4
7f11e63fc000-7f1264000000 rw-p 00000000 00:00 0 
7f1264000000-7f1264021000 rw-p 00000000 00:00 0 
7f1264021000-7f1268000000 ---p 00000000 00:00 0 
7f126c000000-7f126c045000 rw-p 00000000 00:00 0 
7f126c045000-7f1270000000 ---p 00000000 00:00 0 
7f1270000000-7f1270021000 rw-p 00000000 00:00 0 
7f1270021000-7f1274000000 ---p 00000000 00:00 0 
7f1274000000-7f1274036000 rw-p 00000000 00:00 0 
7f1274036000-7f1278000000 ---p 00000000 00:00 0 
7f1278000000-7f1278021000 rw-p 00000000 00:00 0 
7f1278021000-7f127c000000 ---p 00000000 00:00 0 
7f127c000000-7f127c021000 rw-p 00000000 00:00 0 
7f127c021000-7f1280000000 ---p 00000000 00:00 0 
7f1280000000-7f1280021000 rw-p 00000000 00:00 0 
7f1280021000-7f1284000000 ---p 00000000 00:00 0 
7f1284000000-7f1284021000 rw-p 00000000 00:00 0 
7f1284021000-7f1288000000 ---p 00000000 00:00 0 
7f1288590000-7f1298000000 rw-p 00000000 00:00 0 
7f1298000000-7f1298021000 rw-p 00000000 00:00 0 
7f1298021000-7f129c000000 ---p 00000000 00:00 0 
7f129c000000-7f129c021000 rw-p 00000000 00:00 0 
7f129c021000-7f12a0000000 ---p 00000000 00:00 0 
7f12a0000000-7f12a0021000 rw-p 00000000 00:00 0 
7f12a0021000-7f12a4000000 ---p 00000000 00:00 0 
7f12a8000000-7f12a8021000 rw-p 00000000 00:00 0 
7f12a8021000-7f12ac000000 ---p 00000000 00:00 0 
7f12ae4eb000-7f12ae502000 r-xp 00000000 08:02 2947697                    /lib/x86_64-linux-gnu/libgcc_s.so.1
7f12ae502000-7f12ae701000 ---p 00017000 08:02 2947697                    /lib/x86_64-linux-gnu/libgcc_s.so.1
7f12ae701000-7f12ae702000 r--p 00016000 08:02 2947697                    /lib/x86_64-linux-gnu/libgcc_s.so.1
7f12ae702000-7f12ae703000 rw-p 00017000 08:02 2947697                    /lib/x86_64-linux-gnu/libgcc_s.so.1
7f12ae703000-7f12ae87f000 r-xp 00000000 08:02 5112851                    /usr/lib/x86_64-linux-gnu/libstdc++.so.6.0.25
7f12ae87f000-7f12aea7f000 ---p 0017c000 08:02 5112851                    /usr/lib/x86_64-linux-gnu/libstdc++.so.6.0.25
7f12aea7f000-7f12aea89000 r--p 0017c000 08:02 5112851                    /usr/lib/x86_64-linux-gnu/libstdc++.so.6.0.25
7f12aea89000-7f12aea8b000 rw-p 00186000 08:02 5112851                    /usr/lib/x86_64-linux-gnu/libstdc++.so.6.0.25
7f12aea8b000-7f12aea8f000 rw-p 00000000 00:00 0 
7f12aea8f000-7f12aea90000 r-xp 00000000 08:02 5374060                    /usr/local/lib/libmonamem.so.1.0.4
7f12aea90000-7f12aec8f000 ---p 00001000 08:02 5374060                    /usr/local/lib/libmonamem.so.1.0.4
7f12aec8f000-7f12aec90000 r--p 00000000 08:02 5374060                    /usr/local/lib/libmonamem.so.1.0.4
7f12aec90000-7f12aec91000 rw-p 00001000 08:02 5374060                    /usr/local/lib/libmonamem.so.1.0.4
7f12aec91000-7f12aec9c000 r-xp 00000000 08:02 5375013                    /usr/local/lib/libmonabdd.so.1.0.4
7f12aec9c000-7f12aee9c000 ---p 0000b000 08:02 5375013                    /usr/local/lib/libmonabdd.so.1.0.4
7f12aee9c000-7f12aee9d000 r--p 0000b000 08:02 5375013                    /usr/local/lib/libmonabdd.so.1.0.4
7f12aee9d000-7f12aee9e000 rw-p 0000c000 08:02 5375013                    /usr/local/lib/libmonabdd.so.1.0.4
7f12aee9e000-7f12aeebc000 r-xp 00000000 08:02 5375774                    /usr/local/lib/libglog.so.0.0.0
7f12aeebc000-7f12af0bb000 ---p 0001e000 08:02 5375774                    /usr/local/lib/libglog.so.0.0.0
7f12af0bb000-7f12af0bc000 r--p 0001d000 08:02 5375774                    /usr/local/lib/libglog.so.0.0.0
7f12af0bc000-7f12af0bd000 rw-p 0001e000 08:02 5375774                    /usr/local/lib/libglog.so.0.0.0
7f12af0bd000-7f12af0cd000 rw-p 00000000 00:00 0 
7f12af0cd000-7f12af73c000 r-xp 00000000 08:02 5374027                    /usr/local/lib/libabc.so.0.0.1
7f12af73c000-7f12af93c000 ---p 0066f000 08:02 5374027                    /usr/local/lib/libabc.so.0.0.1
7f12af93c000-7f12af944000 r--p 0066f000 08:02 5374027                    /usr/local/lib/libabc.so.0.0.1
7f12af944000-7f12af962000 rw-p 00677000 08:02 5374027                    /usr/local/lib/libabc.so.0.0.1
7f12af962000-7f12af963000 rw-p 00000000 00:00 0 
7f12af963000-7f12af964000 ---p 00000000 00:00 0 
7f12af964000-7f12afa64000 rw-p 00000000 00:00 0 
7f12afa64000-7f12afa67000 ---p 00000000 00:00 0 
7f12afa67000-7f12afb65000 rw-p 00000000 00:00 0 
7f12afb65000-7f12afb68000 ---p 00000000 00:00 0 
7f12afb68000-7f12afc66000 rw-p 00000000 00:00 0 
7f12afc66000-7f12afc69000 ---p 00000000 00:00 0 
7f12afc69000-7f12afd67000 rw-p 00000000 00:00 0 
7f12afd67000-7f12afd6a000 ---p 00000000 00:00 0 
7f12afd6a000-7f12afe68000 rw-p 00000000 00:00 0 
7f12afe68000-7f12b0000000 r--p 00000000 08:02 5112223                    /usr/lib/locale/locale-archive
7f12b0000000-7f12b0021000 rw-p 00000000 00:00 0 
7f12b0021000-7f12b4000000 ---p 00000000 00:00 0 
7f12b4075000-7f12b4078000 ---p 00000000 00:00 0 
7f12b4078000-7f12b4176000 rw-p 00000000 00:00 0 
7f12b4176000-7f12b4179000 ---p 00000000 00:00 0 
7f12b4179000-7f12b4277000 rw-p 00000000 00:00 0 
7f12b4277000-7f12b427a000 ---p 00000000 00:00 0 
7f12b427a000-7f12b4378000 rw-p 00000000 00:00 0 
7f12b4378000-7f12b4379000 ---p 00000000 00:00 0 
7f12b4379000-7f12b542d000 rw-p 00000000 00:00 0 
7f12b542d000-7f12b5607000 r--s 03d6c000 08:02 5305943                    /usr/lib/jvm/java-8-oracle/jre/lib/rt.jar
7f12b5607000-7f12b5abd000 rw-p 00000000 00:00 0 
7f12b5abd000-7f12b5e7d000 ---p 00000000 00:00 0 
7f12b5e7d000-7f12b6e24000 rw-p 00000000 00:00 0 
7f12b6e24000-7f12b6e25000 ---p 00000000 00:00 0 
7f12b6e25000-7f12b6f25000 rw-p 00000000 00:00 0 
7f12b6f25000-7f12b6f26000 ---p 00000000 00:00 0 
7f12b6f26000-7f12b7026000 rw-p 00000000 00:00 0 
7f12b7026000-7f12b7027000 ---p 00000000 00:00 0 
7f12b7027000-7f12b7127000 rw-p 00000000 00:00 0 
7f12b7127000-7f12b7128000 ---p 00000000 00:00 0 
7f12b7128000-7f12b72d0000 rw-p 00000000 00:00 0 
7f12b72d0000-7f12b7c98000 ---p 00000000 00:00 0 
7f12b7c98000-7f12b7d40000 rw-p 00000000 00:00 0 
7f12b7d40000-7f12b8707000 ---p 00000000 00:00 0 
7f12b8707000-7f12b875b000 rw-p 00000000 00:00 0 
7f12b875b000-7f12b8c3f000 ---p 00000000 00:00 0 
7f12b8c3f000-7f12b8c4a000 rw-p 00000000 00:00 0 
7f12b8c4a000-7f12b9000000 ---p 00000000 00:00 0 
7f12b9000000-7f12b9270000 rwxp 00000000 00:00 0 
7f12b9270000-7f12c8000000 ---p 00000000 00:00 0 
7f12c8000000-7f12c83a9000 rw-p 00000000 00:00 0 
7f12c83a9000-7f12cc000000 ---p 00000000 00:00 0 
7f12cc00a000-7f12cc0b4000 rw-p 00000000 00:00 0 
7f12cc0b4000-7f12cc0ce000 r-xp 00000000 08:02 5321489                    /usr/lib/jvm/java-8-oracle/jre/lib/amd64/libzip.so
7f12cc0ce000-7f12cc2ce000 ---p 0001a000 08:02 5321489                    /usr/lib/jvm/java-8-oracle/jre/lib/amd64/libzip.so
7f12cc2ce000-7f12cc2cf000 r--p 0001a000 08:02 5321489                    /usr/lib/jvm/java-8-oracle/jre/lib/amd64/libzip.so
7f12cc2cf000-7f12cc2d0000 rw-p 0001b000 08:02 5321489                    /usr/lib/jvm/java-8-oracle/jre/lib/amd64/libzip.so
7f12cc2d0000-7f12cc2db000 r-xp 00000000 08:02 2943284                    /lib/x86_64-linux-gnu/libnss_files-2.23.so
7f12cc2db000-7f12cc4da000 ---p 0000b000 08:02 2943284                    /lib/x86_64-linux-gnu/libnss_files-2.23.so
7f12cc4da000-7f12cc4db000 r--p 0000a000 08:02 2943284                    /lib/x86_64-linux-gnu/libnss_files-2.23.so
7f12cc4db000-7f12cc4dc000 rw-p 0000b000 08:02 2943284                    /lib/x86_64-linux-gnu/libnss_files-2.23.so
7f12cc4dc000-7f12cc4e2000 rw-p 00000000 00:00 0 
7f12cc4e2000-7f12cc4ed000 r-xp 00000000 08:02 2943304                    /lib/x86_64-linux-gnu/libnss_nis-2.23.so
7f12cc4ed000-7f12cc6ec000 ---p 0000b000 08:02 2943304                    /lib/x86_64-linux-gnu/libnss_nis-2.23.so
7f12cc6ec000-7f12cc6ed000 r--p 0000a000 08:02 2943304                    /lib/x86_64-linux-gnu/libnss_nis-2.23.so
7f12cc6ed000-7f12cc6ee000 rw-p 0000b000 08:02 2943304                    /lib/x86_64-linux-gnu/libnss_nis-2.23.so
7f12cc6ee000-7f12cc704000 r-xp 00000000 08:02 2891056                    /lib/x86_64-linux-gnu/libnsl-2.23.so
7f12cc704000-7f12cc903000 ---p 00016000 08:02 2891056                    /lib/x86_64-linux-gnu/libnsl-2.23.so
7f12cc903000-7f12cc904000 r--p 00015000 08:02 2891056                    /lib/x86_64-linux-gnu/libnsl-2.23.so
7f12cc904000-7f12cc905000 rw-p 00016000 08:02 2891056                    /lib/x86_64-linux-gnu/libnsl-2.23.so
7f12cc905000-7f12cc907000 rw-p 00000000 00:00 0 
7f12cc907000-7f12cc90f000 r-xp 00000000 08:02 2943278                    /lib/x86_64-linux-gnu/libnss_compat-2.23.so
7f12cc90f000-7f12ccb0e000 ---p 00008000 08:02 2943278                    /lib/x86_64-linux-gnu/libnss_compat-2.23.so
7f12ccb0e000-7f12ccb0f000 r--p 00007000 08:02 2943278                    /lib/x86_64-linux-gnu/libnss_compat-2.23.so
7f12ccb0f000-7f12ccb10000 rw-p 00008000 08:02 2943278                    /lib/x86_64-linux-gnu/libnss_compat-2.23.so
7f12ccb10000-7f12ccb3d000 r-xp 00000000 08:02 5321483                    /usr/lib/jvm/java-8-oracle/jre/lib/amd64/libjava.so
7f12ccb3d000-7f12ccd3c000 ---p 0002d000 08:02 5321483                    /usr/lib/jvm/java-8-oracle/jre/lib/amd64/libjava.so
7f12ccd3c000-7f12ccd3d000 r--p 0002c000 08:02 5321483                    /usr/lib/jvm/java-8-oracle/jre/lib/amd64/libjava.so
7f12ccd3d000-7f12ccd3f000 rw-p 0002d000 08:02 5321483                    /usr/lib/jvm/java-8-oracle/jre/lib/amd64/libjava.so
7f12ccd3f000-7f12ccd4c000 r-xp 00000000 08:02 5321488                    /usr/lib/jvm/java-8-oracle/jre/lib/amd64/libverify.so
7f12ccd4c000-7f12ccf4b000 ---p 0000d000 08:02 5321488                    /usr/lib/jvm/java-8-oracle/jre/lib/amd64/libverify.so
7f12ccf4b000-7f12ccf4d000 r--p 0000c000 08:02 5321488                    /usr/lib/jvm/java-8-oracle/jre/lib/amd64/libverify.so
7f12ccf4d000-7f12ccf4e000 rw-p 0000e000 08:02 5321488                    /usr/lib/jvm/java-8-oracle/jre/lib/amd64/libverify.so
7f12ccf4e000-7f12ccf55000 r-xp 00000000 08:02 2943305                    /lib/x86_64-linux-gnu/librt-2.23.so
7f12ccf55000-7f12cd154000 ---p 00007000 08:02 2943305                    /lib/x86_64-linux-gnu/librt-2.23.so
7f12cd154000-7f12cd155000 r--p 00006000 08:02 2943305                    /lib/x86_64-linux-gnu/librt-2.23.so
7f12cd155000-7f12cd156000 rw-p 00007000 08:02 2943305                    /lib/x86_64-linux-gnu/librt-2.23.so
7f12cd156000-7f12cd25e000 r-xp 00000000 08:02 2883912                    /lib/x86_64-linux-gnu/libm-2.23.so
7f12cd25e000-7f12cd45d000 ---p 00108000 08:02 2883912                    /lib/x86_64-linux-gnu/libm-2.23.so
7f12cd45d000-7f12cd45e000 r--p 00107000 08:02 2883912                    /lib/x86_64-linux-gnu/libm-2.23.so
7f12cd45e000-7f12cd45f000 rw-p 00108000 08:02 2883912                    /lib/x86_64-linux-gnu/libm-2.23.so
7f12cd45f000-7f12ce141000 r-xp 00000000 08:02 5321509                    /usr/lib/jvm/java-8-oracle/jre/lib/amd64/server/libjvm.so
7f12ce141000-7f12ce341000 ---p 00ce2000 08:02 5321509                    /usr/lib/jvm/java-8-oracle/jre/lib/amd64/server/libjvm.so
7f12ce341000-7f12ce3d7000 r--p 00ce2000 08:02 5321509                    /usr/lib/jvm/java-8-oracle/jre/lib/amd64/server/libjvm.so
7f12ce3d7000-7f12ce408000 rw-p 00d78000 08:02 5321509                    /usr/lib/jvm/java-8-oracle/jre/lib/amd64/server/libjvm.so
7f12ce408000-7f12ce443000 rw-p 00000000 00:00 0 
7f12ce443000-7f12ce603000 r-xp 00000000 08:02 2909604                    /lib/x86_64-linux-gnu/libc-2.23.so
7f12ce603000-7f12ce803000 ---p 001c0000 08:02 2909604                    /lib/x86_64-linux-gnu/libc-2.23.so
7f12ce803000-7f12ce807000 r--p 001c0000 08:02 2909604                    /lib/x86_64-linux-gnu/libc-2.23.so
7f12ce807000-7f12ce809000 rw-p 001c4000 08:02 2909604                    /lib/x86_64-linux-gnu/libc-2.23.so
7f12ce809000-7f12ce80d000 rw-p 00000000 00:00 0 
7f12ce80d000-7f12ce810000 r-xp 00000000 08:02 2909606                    /lib/x86_64-linux-gnu/libdl-2.23.so
7f12ce810000-7f12cea0f000 ---p 00003000 08:02 2909606                    /lib/x86_64-linux-gnu/libdl-2.23.so
7f12cea0f000-7f12cea10000 r--p 00002000 08:02 2909606                    /lib/x86_64-linux-gnu/libdl-2.23.so
7f12cea10000-7f12cea11000 rw-p 00003000 08:02 2909606                    /lib/x86_64-linux-gnu/libdl-2.23.so
7f12cea11000-7f12cea28000 r-xp 00000000 08:02 5321506                    /usr/lib/jvm/java-8-oracle/jre/lib/amd64/jli/libjli.so
7f12cea28000-7f12cec27000 ---p 00017000 08:02 5321506                    /usr/lib/jvm/java-8-oracle/jre/lib/amd64/jli/libjli.so
7f12cec27000-7f12cec28000 r--p 00016000 08:02 5321506                    /usr/lib/jvm/java-8-oracle/jre/lib/amd64/jli/libjli.so
7f12cec28000-7f12cec29000 rw-p 00017000 08:02 5321506                    /usr/lib/jvm/java-8-oracle/jre/lib/amd64/jli/libjli.so
7f12cec29000-7f12cec41000 r-xp 00000000 08:02 2909593                    /lib/x86_64-linux-gnu/libpthread-2.23.so
7f12cec41000-7f12cee40000 ---p 00018000 08:02 2909593                    /lib/x86_64-linux-gnu/libpthread-2.23.so
7f12cee40000-7f12cee41000 r--p 00017000 08:02 2909593                    /lib/x86_64-linux-gnu/libpthread-2.23.so
7f12cee41000-7f12cee42000 rw-p 00018000 08:02 2909593                    /lib/x86_64-linux-gnu/libpthread-2.23.so
7f12cee42000-7f12cee46000 rw-p 00000000 00:00 0 
7f12cee46000-7f12cee6c000 r-xp 00000000 08:02 2891058                    /lib/x86_64-linux-gnu/ld-2.23.so
7f12cee7d000-7f12cef42000 rw-p 00000000 00:00 0 
7f12cef42000-7f12cef45000 ---p 00000000 00:00 0 
7f12cef45000-7f12cf047000 rw-p 00000000 00:00 0 
7f12cf060000-7f12cf068000 rw-s 00000000 08:02 1442958                    /tmp/hsperfdata_will/13383
7f12cf068000-7f12cf069000 rw-p 00000000 00:00 0 
7f12cf069000-7f12cf06a000 r--p 00000000 00:00 0 
7f12cf06a000-7f12cf06b000 rw-p 00000000 00:00 0 
7f12cf06b000-7f12cf06c000 r--p 00025000 08:02 2891058                    /lib/x86_64-linux-gnu/ld-2.23.so
7f12cf06c000-7f12cf06d000 rw-p 00026000 08:02 2891058                    /lib/x86_64-linux-gnu/ld-2.23.so
7f12cf06d000-7f12cf06e000 rw-p 00000000 00:00 0 
7ffdd7e9f000-7ffdd7ec0000 rw-p 00000000 00:00 0                          [stack]
7ffdd7f22000-7ffdd7f25000 r--p 00000000 00:00 0                          [vvar]
7ffdd7f25000-7ffdd7f27000 r-xp 00000000 00:00 0                          [vdso]
ffffffffff600000-ffffffffff601000 r-xp 00000000 00:00 0                  [vsyscall]

VM Arguments:
java_command: ExampleUsage
java_class_path (initial): .
Launcher Type: SUN_STANDARD

Environment Variables:
JAVA_HOME=/usr/lib/jvm/java-8-oracle
PATH=/home/will/perl5/bin:/usr/local/sbin:/usr/local/bin:/usr/sbin:/usr/bin:/sbin:/bin:/usr/games:/usr/local/games
LD_LIBRARY_PATH=/home/will/isstac/jpf-symbc/lib/:/usr/local/lib:/home/will/tools/z3/build
SHELL=/usr/bin/zsh
DISPLAY=:0

Signal Handlers:
SIGSEGV: [libjvm.so+0xaced60], sa_mask[0]=11111111011111111101111111111110, sa_flags=SA_RESTART|SA_SIGINFO
SIGBUS: [libjvm.so+0xaced60], sa_mask[0]=11111111011111111101111111111110, sa_flags=SA_RESTART|SA_SIGINFO
SIGFPE: [libjvm.so+0x907ca0], sa_mask[0]=11111111011111111101111111111110, sa_flags=SA_RESTART|SA_SIGINFO
SIGPIPE: [libjvm.so+0x907ca0], sa_mask[0]=11111111011111111101111111111110, sa_flags=SA_RESTART|SA_SIGINFO
SIGXFSZ: [libjvm.so+0x907ca0], sa_mask[0]=11111111011111111101111111111110, sa_flags=SA_RESTART|SA_SIGINFO
SIGILL: [libjvm.so+0x907ca0], sa_mask[0]=11111111011111111101111111111110, sa_flags=SA_RESTART|SA_SIGINFO
SIGUSR1: SIG_DFL, sa_mask[0]=00000000000000000000000000000000, sa_flags=none
SIGUSR2: [libjvm.so+0x907b70], sa_mask[0]=00000000000000000000000000000000, sa_flags=SA_RESTART|SA_SIGINFO
SIGHUP: [libjvm.so+0x908190], sa_mask[0]=11111111011111111101111111111110, sa_flags=SA_RESTART|SA_SIGINFO
SIGINT: [libjvm.so+0x908190], sa_mask[0]=11111111011111111101111111111110, sa_flags=SA_RESTART|SA_SIGINFO
SIGTERM: [libjvm.so+0x908190], sa_mask[0]=11111111011111111101111111111110, sa_flags=SA_RESTART|SA_SIGINFO
SIGQUIT: [libjvm.so+0x908190], sa_mask[0]=11111111011111111101111111111110, sa_flags=SA_RESTART|SA_SIGINFO


---------------  S Y S T E M  ---------------

OS:DISTRIB_ID=neon
DISTRIB_RELEASE=16.04
DISTRIB_CODENAME=xenial
DISTRIB_DESCRIPTION="KDE neon User Edition 5.14"

uname:Linux 4.4.0-141-generic #167-Ubuntu SMP Wed Dec 5 10:40:15 UTC 2018 x86_64
libc:glibc 2.23 NPTL 2.23 
rlimit: STACK 8192k, CORE 0k, NPROC 127567, NOFILE 1048576, AS infinity
load average:0.48 0.44 0.34

/proc/meminfo:
MemTotal:       32820264 kB
MemFree:        15984216 kB
MemAvailable:   26961540 kB
Buffers:         2616612 kB
Cached:          7974728 kB
SwapCached:        12860 kB
Active:         10125976 kB
Inactive:        4824440 kB
Active(anon):    4362544 kB
Inactive(anon):   833772 kB
Active(file):    5763432 kB
Inactive(file):  3990668 kB
Unevictable:          32 kB
Mlocked:              32 kB
SwapTotal:      33427452 kB
SwapFree:       33313420 kB
Dirty:              2296 kB
Writeback:             0 kB
AnonPages:       4354784 kB
Mapped:          1301404 kB
Shmem:            837240 kB
Slab:            1687604 kB
SReclaimable:    1629432 kB
SUnreclaim:        58172 kB
KernelStack:       13072 kB
PageTables:        58804 kB
NFS_Unstable:          0 kB
Bounce:                0 kB
WritebackTmp:          0 kB
CommitLimit:    49837584 kB
Committed_AS:   14434032 kB
VmallocTotal:   34359738367 kB
VmallocUsed:           0 kB
VmallocChunk:          0 kB
HardwareCorrupted:     0 kB
AnonHugePages:      2048 kB
CmaTotal:              0 kB
CmaFree:               0 kB
HugePages_Total:       0
HugePages_Free:        0
HugePages_Rsvd:        0
HugePages_Surp:        0
Hugepagesize:       2048 kB
DirectMap4k:      333704 kB
DirectMap2M:    22607872 kB
DirectMap1G:    10485760 kB

container (cgroup) information:
container_type: cgroupv1
cpu_cpuset_cpus: 0-3
cpu_memory_nodes: 0
active_processor_count: 4
cpu_quota: -1
cpu_period: 100000
cpu_shares: -1
memory_limit_in_bytes: -1
memory_and_swap_limit_in_bytes: -2
memory_soft_limit_in_bytes: -1
memory_usage_in_bytes: 11719602176
memory_max_usage_in_bytes: 33063669760


CPU:total 4 (initial active 4) (4 cores per cpu, 1 threads per core) family 6 model 94 stepping 3, cmov, cx8, fxsr, mmx, sse, sse2, sse3, ssse3, sse4.1, sse4.2, popcnt, avx, avx2, aes, clmul, erms, rtm, 3dnowpref, lzcnt, tsc, tscinvbit, bmi1, bmi2, adx

/proc/cpuinfo:
processor	: 0
vendor_id	: GenuineIntel
cpu family	: 6
model		: 94
model name	: Intel(R) Core(TM) i5-6600K CPU @ 3.50GHz
stepping	: 3
microcode	: 0xc6
cpu MHz		: 3206.464
cache size	: 6144 KB
physical id	: 0
siblings	: 4
core id		: 0
cpu cores	: 4
apicid		: 0
initial apicid	: 0
fpu		: yes
fpu_exception	: yes
cpuid level	: 22
wp		: yes
flags		: fpu vme de pse tsc msr pae mce cx8 apic sep mtrr pge mca cmov pat pse36 clflush dts acpi mmx fxsr sse sse2 ss ht tm pbe syscall nx pdpe1gb rdtscp lm constant_tsc art arch_perfmon pebs bts rep_good nopl xtopology nonstop_tsc aperfmperf pni pclmulqdq dtes64 monitor ds_cpl vmx est tm2 ssse3 sdbg fma cx16 xtpr pdcm pcid sse4_1 sse4_2 x2apic movbe popcnt tsc_deadline_timer aes xsave avx f16c rdrand lahf_lm abm 3dnowprefetch epb invpcid_single intel_pt ssbd ibrs ibpb stibp kaiser tpr_shadow vnmi flexpriority ept vpid fsgsbase tsc_adjust bmi1 hle avx2 smep bmi2 erms invpcid rtm mpx rdseed adx smap clflushopt xsaveopt xsavec xgetbv1 dtherm ida arat pln pts hwp hwp_notify hwp_act_window hwp_epp flush_l1d
bugs		: cpu_meltdown spectre_v1 spectre_v2 spec_store_bypass l1tf
bogomips	: 7007.85
clflush size	: 64
cache_alignment	: 64
address sizes	: 39 bits physical, 48 bits virtual
power management:

processor	: 1
vendor_id	: GenuineIntel
cpu family	: 6
model		: 94
model name	: Intel(R) Core(TM) i5-6600K CPU @ 3.50GHz
stepping	: 3
microcode	: 0xc6
cpu MHz		: 2306.445
cache size	: 6144 KB
physical id	: 0
siblings	: 4
core id		: 1
cpu cores	: 4
apicid		: 2
initial apicid	: 2
fpu		: yes
fpu_exception	: yes
cpuid level	: 22
wp		: yes
flags		: fpu vme de pse tsc msr pae mce cx8 apic sep mtrr pge mca cmov pat pse36 clflush dts acpi mmx fxsr sse sse2 ss ht tm pbe syscall nx pdpe1gb rdtscp lm constant_tsc art arch_perfmon pebs bts rep_good nopl xtopology nonstop_tsc aperfmperf pni pclmulqdq dtes64 monitor ds_cpl vmx est tm2 ssse3 sdbg fma cx16 xtpr pdcm pcid sse4_1 sse4_2 x2apic movbe popcnt tsc_deadline_timer aes xsave avx f16c rdrand lahf_lm abm 3dnowprefetch epb invpcid_single intel_pt ssbd ibrs ibpb stibp kaiser tpr_shadow vnmi flexpriority ept vpid fsgsbase tsc_adjust bmi1 hle avx2 smep bmi2 erms invpcid rtm mpx rdseed adx smap clflushopt xsaveopt xsavec xgetbv1 dtherm ida arat pln pts hwp hwp_notify hwp_act_window hwp_epp flush_l1d
bugs		: cpu_meltdown spectre_v1 spectre_v2 spec_store_bypass l1tf
bogomips	: 7007.85
clflush size	: 64
cache_alignment	: 64
address sizes	: 39 bits physical, 48 bits virtual
power management:

processor	: 2
vendor_id	: GenuineIntel
cpu family	: 6
model		: 94
model name	: Intel(R) Core(TM) i5-6600K CPU @ 3.50GHz
stepping	: 3
microcode	: 0xc6
cpu MHz		: 3365.878
cache size	: 6144 KB
physical id	: 0
siblings	: 4
core id		: 2
cpu cores	: 4
apicid		: 4
initial apicid	: 4
fpu		: yes
fpu_exception	: yes
cpuid level	: 22
wp		: yes
flags		: fpu vme de pse tsc msr pae mce cx8 apic sep mtrr pge mca cmov pat pse36 clflush dts acpi mmx fxsr sse sse2 ss ht tm pbe syscall nx pdpe1gb rdtscp lm constant_tsc art arch_perfmon pebs bts rep_good nopl xtopology nonstop_tsc aperfmperf pni pclmulqdq dtes64 monitor ds_cpl vmx est tm2 ssse3 sdbg fma cx16 xtpr pdcm pcid sse4_1 sse4_2 x2apic movbe popcnt tsc_deadline_timer aes xsave avx f16c rdrand lahf_lm abm 3dnowprefetch epb invpcid_single intel_pt ssbd ibrs ibpb stibp kaiser tpr_shadow vnmi flexpriority ept vpid fsgsbase tsc_adjust bmi1 hle avx2 smep bmi2 erms invpcid rtm mpx rdseed adx smap clflushopt xsaveopt xsavec xgetbv1 dtherm ida arat pln pts hwp hwp_notify hwp_act_window hwp_epp flush_l1d
bugs		: cpu_meltdown spectre_v1 spectre_v2 spec_store_bypass l1tf
bogomips	: 7007.85
clflush size	: 64
cache_alignment	: 64
address sizes	: 39 bits physical, 48 bits virtual
power management:

processor	: 3
vendor_id	: GenuineIntel
cpu family	: 6
model		: 94
model name	: Intel(R) Core(TM) i5-6600K CPU @ 3.50GHz
stepping	: 3
microcode	: 0xc6
cpu MHz		: 1044.531
cache size	: 6144 KB
physical id	: 0
siblings	: 4
core id		: 3
cpu cores	: 4
apicid		: 6
initial apicid	: 6
fpu		: yes
fpu_exception	: yes
cpuid level	: 22
wp		: yes
flags		: fpu vme de pse tsc msr pae mce cx8 apic sep mtrr pge mca cmov pat pse36 clflush dts acpi mmx fxsr sse sse2 ss ht tm pbe syscall nx pdpe1gb rdtscp lm constant_tsc art arch_perfmon pebs bts rep_good nopl xtopology nonstop_tsc aperfmperf pni pclmulqdq dtes64 monitor ds_cpl vmx est tm2 ssse3 sdbg fma cx16 xtpr pdcm pcid sse4_1 sse4_2 x2apic movbe popcnt tsc_deadline_timer aes xsave avx f16c rdrand lahf_lm abm 3dnowprefetch epb invpcid_single intel_pt ssbd ibrs ibpb stibp kaiser tpr_shadow vnmi flexpriority ept vpid fsgsbase tsc_adjust bmi1 hle avx2 smep bmi2 erms invpcid rtm mpx rdseed adx smap clflushopt xsaveopt xsavec xgetbv1 dtherm ida arat pln pts hwp hwp_notify hwp_act_window hwp_epp flush_l1d
bugs		: cpu_meltdown spectre_v1 spectre_v2 spec_store_bypass l1tf
bogomips	: 7007.85
clflush size	: 64
cache_alignment	: 64
address sizes	: 39 bits physical, 48 bits virtual
power management:



Memory: 4k page, physical 32820264k(15984628k free), swap 33427452k(33313420k free)

vm_info: Java HotSpot(TM) 64-Bit Server VM (25.191-b12) for linux-amd64 JRE (1.8.0_191-b12), built on Oct  6 2018 05:43:09 by "java_re" with gcc 7.3.0

time: Fri Apr 26 18:17:01 2019
elapsed time: 0 seconds (0d 0h 0m 0s)

