#
# A fatal error has been detected by the Java Runtime Environment:
#
#  SIGSEGV (0xb) at pc=0x00007f79995bb74c, pid=30496, tid=0x00007f79c3bd8700
#
# JRE version: Java(TM) SE Runtime Environment (8.0_191-b12) (build 1.8.0_191-b12)
# Java VM: Java HotSpot(TM) 64-Bit Server VM (25.191-b12 mixed mode linux-amd64 compressed oops)
# Problematic frame:
# C  [libabc.so.0.0.1+0x3a974c]  __gnu_cxx::__normal_iterator<Vlab::SMT::Visitable**, std::vector<Vlab::SMT::Visitable*, std::allocator<Vlab::SMT::Visitable*> > >::__normal_iterator(Vlab::SMT::Visitable** const&)+0x10
#
# Failed to write core dump. Core dumps have been disabled. To enable core dumping, try "ulimit -c unlimited" before starting Java again
#
# If you would like to submit a bug report, please visit:
#   http://bugreport.java.com/bugreport/crash.jsp
# The crash happened outside the Java Virtual Machine in native code.
# See problematic frame for where to report the bug.
#

---------------  T H R E A D  ---------------

Current thread (0x00007f79bc00a800):  JavaThread "main" [_thread_in_native, id=30497, stack(0x00007f79c3ad8000,0x00007f79c3bd9000)]

siginfo: si_signo: 11 (SIGSEGV), si_code: 1 (SEGV_MAPERR), si_addr: 0x0000000000000048

Registers:
RAX=0x0000000000000048, RBX=0x00007f799b779d80, RCX=0x00007f79bc0e27c0, RDX=0x0000000000000048
RSP=0x00007f79c3bd7540, RBP=0x00007f79c3bd7540, RSI=0x0000000000000048, RDI=0x00007f79c3bd7560
R8 =0x00007f799b4621a8, R9 =0x0000000000000004, R10=0x0000000000002a4e, R11=0x00007f79995bb73c
R12=0x0000000000000000, R13=0x00007f799b779d78, R14=0x00007f79c3bd79c8, R15=0x00007f79bc00a800
RIP=0x00007f79995bb74c, EFLAGS=0x0000000000010206, CSGSFS=0x0000000000000033, ERR=0x0000000000000004
  TRAPNO=0x000000000000000e

Top of Stack: (sp=0x00007f79c3bd7540)
0x00007f79c3bd7540:   00007f79c3bd7570 00007f79995b5738
0x00007f79c3bd7550:   0000000000000004 0000000000000040
0x00007f79c3bd7560:   00007f799b779d80 d0e40f66fcaace00
0x00007f79c3bd7570:   00007f79c3bd75b0 00007f79995b21b3
0x00007f79c3bd7580:   0000000000000040 0000000000000040
0x00007f79c3bd7590:   0000000000000004 00007f79bc0e27c0
0x00007f79c3bd75a0:   00007f799b779d80 d0e40f66fcaace00
0x00007f79c3bd75b0:   00007f79c3bd75d0 00007f79995ac518
0x00007f79c3bd75c0:   00007f799b779d80 0000000000000000
0x00007f79c3bd75d0:   00007f79c3bd75f0 00007f7999579728
0x00007f79c3bd75e0:   00007f79bc0e27c0 00007f79c3bd76c0
0x00007f79c3bd75f0:   00007f79c3bd7830 00007f799957a1fd
0x00007f79c3bd7600:   0000000000000001 00000005c3bd75b8
0x00007f79c3bd7610:   00007f79bc0e27c0 00007f79c3bd78b0
0x00007f79c3bd7620:   00007f79c3bd7600 00000007c001bd40
0x00007f79c3bd7630:   00007f79bc00a800 00007f7999a8dee8
0x00007f79c3bd7640:   0000000000000000 00007f799b779d78
0x00007f79c3bd7650:   00007f79c3bd79c8 00007f79bc00a800
0x00007f79c3bd7660:   00007f79c3bd7940 00007f79c39ebac6
0x00007f79c3bd7670:   0000000000000005 0000000000000000
0x00007f79c3bd7680:   000000000000000e 00007f799925b5c0
0x00007f79c3bd7690:   00007f79c3bd7820 00007f79c39f3923
0x00007f79c3bd76a0:   000000003f400000 0000000000000000
0x00007f79c3bd76b0:   0000000000000000 0000000000000000
0x00007f79c3bd76c0:   00007f79bc0092e0 00007f79bc007cd0
0x00007f79c3bd76d0:   0000000000000000 0000000000000000
0x00007f79c3bd76e0:   0000000000000000 0000000000000000
0x00007f79c3bd76f0:   0000000000000000 0000000000000000
0x00007f79c3bd7700:   0000000000000000 0000000000000000
0x00007f79c3bd7710:   0000000000000000 0000000000000000
0x00007f79c3bd7720:   ffffffffff000000 00000000000000ff
0x00007f79c3bd7730:   0000000000000000 0000000000000000 

Instructions: (pc=0x00007f79995bb74c)
0x00007f79995bb72c:   00 74 05 e8 cc 1a fa ff 48 83 c4 48 5b 5d c3 90
0x00007f79995bb73c:   55 48 89 e5 48 89 7d f8 48 89 75 f0 48 8b 45 f0
0x00007f79995bb74c:   48 8b 10 48 8b 45 f8 48 89 10 90 5d c3 90 55 48
0x00007f79995bb75c:   89 e5 48 89 7d f8 48 89 75 f0 90 5d c3 90 55 48 

Register to memory mapping:

RAX=0x0000000000000048 is an unknown value
RBX={method} {0x00007f799b779d80} 'getSatisfyingExamplesRandomBounded' '(I)Ljava/util/Map;' in 'vlab/cs/ucsb/edu/DriverProxy'
RCX=0x00007f79bc0e27c0 is an unknown value
RDX=0x0000000000000048 is an unknown value
RSP=0x00007f79c3bd7540 is pointing into the stack for thread: 0x00007f79bc00a800
RBP=0x00007f79c3bd7540 is pointing into the stack for thread: 0x00007f79bc00a800
RSI=0x0000000000000048 is an unknown value
RDI=0x00007f79c3bd7560 is pointing into the stack for thread: 0x00007f79bc00a800
R8 ={method} {0x00007f799b4621a8} '<init>' '()V' in 'java/util/HashMap'
R9 =0x0000000000000004 is an unknown value
R10=0x0000000000002a4e is an unknown value
R11=0x00007f79995bb73c: _ZN9__gnu_cxx17__normal_iteratorIPPN4Vlab3SMT9VisitableESt6vectorIS4_SaIS4_EEEC1ERKS5_+0 in /usr/local/lib/libabc.so.0.0.1 at 0x00007f7999212000
R12=0x0000000000000000 is an unknown value
R13=0x00007f799b779d78 is pointing into metadata
R14=0x00007f79c3bd79c8 is pointing into the stack for thread: 0x00007f79bc00a800
R15=0x00007f79bc00a800 is a thread


Stack: [0x00007f79c3ad8000,0x00007f79c3bd9000],  sp=0x00007f79c3bd7540,  free space=1021k
Native frames: (J=compiled Java code, j=interpreted, Vv=VM code, C=native code)
C  [libabc.so.0.0.1+0x3a974c]  __gnu_cxx::__normal_iterator<Vlab::SMT::Visitable**, std::vector<Vlab::SMT::Visitable*, std::allocator<Vlab::SMT::Visitable*> > >::__normal_iterator(Vlab::SMT::Visitable** const&)+0x10
C  [libabc.so.0.0.1+0x3a3738]  std::vector<Vlab::SMT::Visitable*, std::allocator<Vlab::SMT::Visitable*> >::end()+0x32
C  [libabc.so.0.0.1+0x3a01b3]  std::vector<Vlab::SMT::Visitable*, std::allocator<Vlab::SMT::Visitable*> >::back()+0x27
C  [libabc.so.0.0.1+0x39a518]  Vlab::Solver::SymbolTable::top_scope()+0x1c
C  [libabc.so.0.0.1+0x367728]  Vlab::Driver::getSatisfyingVariables() const+0x20
C  [libabc.so.0.0.1+0x3681fd]  Vlab::Driver::getSatisfyingExamplesRandomBounded[abi:cxx11](int)+0x59
C  [libabc.so.0.0.1+0x37742d]  Java_vlab_cs_ucsb_edu_DriverProxy_getSatisfyingExamplesRandomBounded+0xe2
j  vlab.cs.ucsb.edu.DriverProxy.getSatisfyingExamplesRandomBounded(I)Ljava/util/Map;+0
j  ExampleUsage.main([Ljava/lang/String;)V+13
v  ~StubRoutines::call_stub
V  [libjvm.so+0x6852db]  JavaCalls::call_helper(JavaValue*, methodHandle*, JavaCallArguments*, Thread*)+0xddb
V  [libjvm.so+0x6d0121]  jni_invoke_static(JNIEnv_*, JavaValue*, _jobject*, JNICallType, _jmethodID*, JNI_ArgumentPusher*, Thread*) [clone .isra.96] [clone .constprop.117]+0x1e1
V  [libjvm.so+0x6d238b]  jni_CallStaticVoidMethod+0x15b
C  [libjli.so+0x882c]  JavaMain+0xa3c
C  [libpthread.so.0+0x76ba]  start_thread+0xca

Java frames: (J=compiled Java code, j=interpreted, Vv=VM code)
j  vlab.cs.ucsb.edu.DriverProxy.getSatisfyingExamplesRandomBounded(I)Ljava/util/Map;+0
j  ExampleUsage.main([Ljava/lang/String;)V+13
v  ~StubRoutines::call_stub

---------------  P R O C E S S  ---------------

Java Threads: ( => current thread )
  0x00007f79bc0c9000 JavaThread "Service Thread" daemon [_thread_blocked, id=30509, stack(0x00007f7999ba9000,0x00007f7999caa000)]
  0x00007f79bc0be000 JavaThread "C1 CompilerThread2" daemon [_thread_blocked, id=30508, stack(0x00007f7999caa000,0x00007f7999dab000)]
  0x00007f79bc0bc800 JavaThread "C2 CompilerThread1" daemon [_thread_blocked, id=30507, stack(0x00007f7999dab000,0x00007f7999eac000)]
  0x00007f79bc0b9800 JavaThread "C2 CompilerThread0" daemon [_thread_blocked, id=30506, stack(0x00007f7999eac000,0x00007f7999fad000)]
  0x00007f79bc0b8000 JavaThread "Signal Dispatcher" daemon [_thread_blocked, id=30505, stack(0x00007f7999fad000,0x00007f799a0ae000)]
  0x00007f79bc084800 JavaThread "Finalizer" daemon [_thread_blocked, id=30504, stack(0x00007f799a246000,0x00007f799a347000)]
  0x00007f79bc082000 JavaThread "Reference Handler" daemon [_thread_blocked, id=30503, stack(0x00007f799a347000,0x00007f799a448000)]
=>0x00007f79bc00a800 JavaThread "main" [_thread_in_native, id=30497, stack(0x00007f79c3ad8000,0x00007f79c3bd9000)]

Other Threads:
  0x00007f79bc078800 VMThread [stack: 0x00007f799a448000,0x00007f799a549000] [id=30502]
  0x00007f79bc0ce000 WatcherThread [stack: 0x00007f7999aa8000,0x00007f7999ba9000] [id=30510]

VM state:not at safepoint (normal execution)

VM Mutex/Monitor currently owned by a thread: None

Heap:
 PSYoungGen      total 150016K, used 5160K [0x0000000719100000, 0x0000000723800000, 0x00000007c0000000)
  eden space 129024K, 4% used [0x0000000719100000,0x000000071960a3f8,0x0000000720f00000)
  from space 20992K, 0% used [0x0000000722380000,0x0000000722380000,0x0000000723800000)
  to   space 20992K, 0% used [0x0000000720f00000,0x0000000720f00000,0x0000000722380000)
 ParOldGen       total 343040K, used 0K [0x00000005cb200000, 0x00000005e0100000, 0x0000000719100000)
  object space 343040K, 0% used [0x00000005cb200000,0x00000005cb200000,0x00000005e0100000)
 Metaspace       used 2513K, capacity 4494K, committed 4864K, reserved 1056768K
  class space    used 268K, capacity 386K, committed 512K, reserved 1048576K

Card table byte_map: [0x00007f79ac058000,0x00007f79ad000000] byte_map_base: 0x00007f79a91ff000

Marking Bits: (ParMarkBitMap*) 0x00007f79c2fbbd40
 Begin Bits: [0x00007f799bb78000, 0x00007f79a38b0000)
 End Bits:   [0x00007f79a38b0000, 0x00007f79ab5e8000)

Polling page: 0x00007f79c3bff000

CodeCache: size=245760Kb used=1081Kb max_used=1081Kb free=244678Kb
 bounds [0x00007f79ad000000, 0x00007f79ad270000, 0x00007f79bc000000]
 total_blobs=242 nmethods=13 adapters=144
 compilation: enabled

Compilation events (10 events):
Event: 0.054 Thread 0x00007f79bc0be000   10       3       java.lang.Math::min (11 bytes)
Event: 0.054 Thread 0x00007f79bc0be000 nmethod 10 0x00007f79ad10cc10 code [0x00007f79ad10cd80, 0x00007f79ad10cf10]
Event: 0.054 Thread 0x00007f79bc0be000   11       1       java.lang.ref.Reference::get (5 bytes)
Event: 0.054 Thread 0x00007f79bc0be000 nmethod 11 0x00007f79ad10c950 code [0x00007f79ad10caa0, 0x00007f79ad10cbb0]
Event: 0.054 Thread 0x00007f79bc0be000    9       3       java.util.Arrays::copyOfRange (63 bytes)
Event: 0.054 Thread 0x00007f79bc0be000 nmethod 9 0x00007f79ad10b6d0 code [0x00007f79ad10b8e0, 0x00007f79ad10c418]
Event: 0.054 Thread 0x00007f79bc0be000   12       1       java.lang.ThreadLocal::access$400 (5 bytes)
Event: 0.054 Thread 0x00007f79bc0be000 nmethod 12 0x00007f79ad10b410 code [0x00007f79ad10b560, 0x00007f79ad10b650]
Event: 0.055 Thread 0x00007f79bc0be000   13       3       java.lang.String::getChars (62 bytes)
Event: 0.055 Thread 0x00007f79bc0be000 nmethod 13 0x00007f79ad10df10 code [0x00007f79ad10e0c0, 0x00007f79ad10e4f8]

GC Heap History (0 events):
No events

Deoptimization events (0 events):
No events

Classes redefined (0 events):
No events

Internal exceptions (2 events):
Event: 0.027 Thread 0x00007f79bc00a800 Exception <a 'java/lang/NoSuchMethodError': Method sun.misc.Unsafe.defineClass(Ljava/lang/String;[BII)Ljava/lang/Class; name or signature does not match> (0x0000000719107cb0) thrown at [/HUDSON/workspace/8-2-build-linux-amd64/jdk8u191/11894/hotspot/src/sh
Event: 0.027 Thread 0x00007f79bc00a800 Exception <a 'java/lang/NoSuchMethodError': Method sun.misc.Unsafe.prefetchRead(Ljava/lang/Object;J)V name or signature does not match> (0x0000000719107f98) thrown at [/HUDSON/workspace/8-2-build-linux-amd64/jdk8u191/11894/hotspot/src/share/vm/prims/jni.c

Events (10 events):
Event: 0.056 loading class java/lang/Class$MethodArray
Event: 0.056 loading class java/lang/Class$MethodArray done
Event: 0.056 loading class java/lang/Void
Event: 0.056 loading class java/lang/Void done
Event: 0.056 loading class vlab/cs/ucsb/edu/DriverProxy
Event: 0.056 loading class vlab/cs/ucsb/edu/DriverProxy done
Event: 0.056 loading class java/lang/Package
Event: 0.056 loading class java/lang/Package done
Event: 0.057 loading class java/lang/ClassLoaderHelper
Event: 0.057 loading class java/lang/ClassLoaderHelper done


Dynamic libraries:
00400000-00401000 r-xp 00000000 08:02 5305917                            /usr/lib/jvm/java-8-oracle/jre/bin/java
00600000-00601000 r--p 00000000 08:02 5305917                            /usr/lib/jvm/java-8-oracle/jre/bin/java
00601000-00602000 rw-p 00001000 08:02 5305917                            /usr/lib/jvm/java-8-oracle/jre/bin/java
01a0a000-01a2b000 rw-p 00000000 00:00 0                                  [heap]
5cb200000-5e0100000 rw-p 00000000 00:00 0 
5e0100000-719100000 ---p 00000000 00:00 0 
719100000-723800000 rw-p 00000000 00:00 0 
723800000-7c0000000 ---p 00000000 00:00 0 
7c0000000-7c0080000 rw-p 00000000 00:00 0 
7c0080000-800000000 ---p 00000000 00:00 0 
7f78de1ef000-7f78de1fb000 r-xp 00000000 08:02 5375070                    /usr/local/lib/libmonadfa.so.1.0.4
7f78de1fb000-7f78de3fa000 ---p 0000c000 08:02 5375070                    /usr/local/lib/libmonadfa.so.1.0.4
7f78de3fa000-7f78de3fb000 r--p 0000b000 08:02 5375070                    /usr/local/lib/libmonadfa.so.1.0.4
7f78de3fb000-7f78de3fc000 rw-p 0000c000 08:02 5375070                    /usr/local/lib/libmonadfa.so.1.0.4
7f78de3fc000-7f795c000000 rw-p 00000000 00:00 0 
7f795c000000-7f795c021000 rw-p 00000000 00:00 0 
7f795c021000-7f7960000000 ---p 00000000 00:00 0 
7f7960000000-7f7960021000 rw-p 00000000 00:00 0 
7f7960021000-7f7964000000 ---p 00000000 00:00 0 
7f7964000000-7f7964021000 rw-p 00000000 00:00 0 
7f7964021000-7f7968000000 ---p 00000000 00:00 0 
7f7968000000-7f7968025000 rw-p 00000000 00:00 0 
7f7968025000-7f796c000000 ---p 00000000 00:00 0 
7f796c000000-7f796c021000 rw-p 00000000 00:00 0 
7f796c021000-7f7970000000 ---p 00000000 00:00 0 
7f7970000000-7f797005e000 rw-p 00000000 00:00 0 
7f797005e000-7f7974000000 ---p 00000000 00:00 0 
7f7974000000-7f7974021000 rw-p 00000000 00:00 0 
7f7974021000-7f7978000000 ---p 00000000 00:00 0 
7f7978000000-7f7978021000 rw-p 00000000 00:00 0 
7f7978021000-7f797c000000 ---p 00000000 00:00 0 
7f797c000000-7f797c021000 rw-p 00000000 00:00 0 
7f797c021000-7f7980000000 ---p 00000000 00:00 0 
7f7980000000-7f7980021000 rw-p 00000000 00:00 0 
7f7980021000-7f7984000000 ---p 00000000 00:00 0 
7f7984000000-7f7984021000 rw-p 00000000 00:00 0 
7f7984021000-7f7988000000 ---p 00000000 00:00 0 
7f798c000000-7f798c021000 rw-p 00000000 00:00 0 
7f798c021000-7f7990000000 ---p 00000000 00:00 0 
7f7992bd1000-7f7993b78000 rw-p 00000000 00:00 0 
7f7994000000-7f7994021000 rw-p 00000000 00:00 0 
7f7994021000-7f7998000000 ---p 00000000 00:00 0 
7f799860d000-7f7998624000 r-xp 00000000 08:02 2947697                    /lib/x86_64-linux-gnu/libgcc_s.so.1
7f7998624000-7f7998823000 ---p 00017000 08:02 2947697                    /lib/x86_64-linux-gnu/libgcc_s.so.1
7f7998823000-7f7998824000 r--p 00016000 08:02 2947697                    /lib/x86_64-linux-gnu/libgcc_s.so.1
7f7998824000-7f7998825000 rw-p 00017000 08:02 2947697                    /lib/x86_64-linux-gnu/libgcc_s.so.1
7f7998825000-7f79989a1000 r-xp 00000000 08:02 5112851                    /usr/lib/x86_64-linux-gnu/libstdc++.so.6.0.25
7f79989a1000-7f7998ba1000 ---p 0017c000 08:02 5112851                    /usr/lib/x86_64-linux-gnu/libstdc++.so.6.0.25
7f7998ba1000-7f7998bab000 r--p 0017c000 08:02 5112851                    /usr/lib/x86_64-linux-gnu/libstdc++.so.6.0.25
7f7998bab000-7f7998bad000 rw-p 00186000 08:02 5112851                    /usr/lib/x86_64-linux-gnu/libstdc++.so.6.0.25
7f7998bad000-7f7998bb1000 rw-p 00000000 00:00 0 
7f7998bd4000-7f7998bd5000 r-xp 00000000 08:02 5374060                    /usr/local/lib/libmonamem.so.1.0.4
7f7998bd5000-7f7998dd4000 ---p 00001000 08:02 5374060                    /usr/local/lib/libmonamem.so.1.0.4
7f7998dd4000-7f7998dd5000 r--p 00000000 08:02 5374060                    /usr/local/lib/libmonamem.so.1.0.4
7f7998dd5000-7f7998dd6000 rw-p 00001000 08:02 5374060                    /usr/local/lib/libmonamem.so.1.0.4
7f7998dd6000-7f7998de1000 r-xp 00000000 08:02 5375013                    /usr/local/lib/libmonabdd.so.1.0.4
7f7998de1000-7f7998fe1000 ---p 0000b000 08:02 5375013                    /usr/local/lib/libmonabdd.so.1.0.4
7f7998fe1000-7f7998fe2000 r--p 0000b000 08:02 5375013                    /usr/local/lib/libmonabdd.so.1.0.4
7f7998fe2000-7f7998fe3000 rw-p 0000c000 08:02 5375013                    /usr/local/lib/libmonabdd.so.1.0.4
7f7998fe3000-7f7999001000 r-xp 00000000 08:02 5375774                    /usr/local/lib/libglog.so.0.0.0
7f7999001000-7f7999200000 ---p 0001e000 08:02 5375774                    /usr/local/lib/libglog.so.0.0.0
7f7999200000-7f7999201000 r--p 0001d000 08:02 5375774                    /usr/local/lib/libglog.so.0.0.0
7f7999201000-7f7999202000 rw-p 0001e000 08:02 5375774                    /usr/local/lib/libglog.so.0.0.0
7f7999202000-7f7999212000 rw-p 00000000 00:00 0 
7f7999212000-7f7999881000 r-xp 00000000 08:02 5374027                    /usr/local/lib/libabc.so.0.0.1
7f7999881000-7f7999a81000 ---p 0066f000 08:02 5374027                    /usr/local/lib/libabc.so.0.0.1
7f7999a81000-7f7999a89000 r--p 0066f000 08:02 5374027                    /usr/local/lib/libabc.so.0.0.1
7f7999a89000-7f7999aa7000 rw-p 00677000 08:02 5374027                    /usr/local/lib/libabc.so.0.0.1
7f7999aa7000-7f7999aa8000 rw-p 00000000 00:00 0 
7f7999aa8000-7f7999aa9000 ---p 00000000 00:00 0 
7f7999aa9000-7f7999ba9000 rw-p 00000000 00:00 0 
7f7999ba9000-7f7999bac000 ---p 00000000 00:00 0 
7f7999bac000-7f7999caa000 rw-p 00000000 00:00 0 
7f7999caa000-7f7999cad000 ---p 00000000 00:00 0 
7f7999cad000-7f7999dab000 rw-p 00000000 00:00 0 
7f7999dab000-7f7999dae000 ---p 00000000 00:00 0 
7f7999dae000-7f7999eac000 rw-p 00000000 00:00 0 
7f7999eac000-7f7999eaf000 ---p 00000000 00:00 0 
7f7999eaf000-7f7999fad000 rw-p 00000000 00:00 0 
7f7999fad000-7f7999fb0000 ---p 00000000 00:00 0 
7f7999fb0000-7f799a0ae000 rw-p 00000000 00:00 0 
7f799a0ae000-7f799a246000 r--p 00000000 08:02 5112223                    /usr/lib/locale/locale-archive
7f799a246000-7f799a249000 ---p 00000000 00:00 0 
7f799a249000-7f799a347000 rw-p 00000000 00:00 0 
7f799a347000-7f799a34a000 ---p 00000000 00:00 0 
7f799a34a000-7f799a448000 rw-p 00000000 00:00 0 
7f799a448000-7f799a449000 ---p 00000000 00:00 0 
7f799a449000-7f799b7b8000 rw-p 00000000 00:00 0 
7f799b7b8000-7f799bb78000 ---p 00000000 00:00 0 
7f799bb78000-7f79ab690000 rw-p 00000000 00:00 0 
7f79ab690000-7f79ac058000 ---p 00000000 00:00 0 
7f79ac058000-7f79ac100000 rw-p 00000000 00:00 0 
7f79ac100000-7f79acac7000 ---p 00000000 00:00 0 
7f79acac7000-7f79acb1b000 rw-p 00000000 00:00 0 
7f79acb1b000-7f79acfff000 ---p 00000000 00:00 0 
7f79acfff000-7f79ad000000 rw-p 00000000 00:00 0 
7f79ad000000-7f79ad270000 rwxp 00000000 00:00 0 
7f79ad270000-7f79bc000000 ---p 00000000 00:00 0 
7f79bc000000-7f79bc3a1000 rw-p 00000000 00:00 0 
7f79bc3a1000-7f79c0000000 ---p 00000000 00:00 0 
7f79c0007000-7f79c01db000 rw-p 00000000 00:00 0 
7f79c01db000-7f79c03b5000 r--s 03d6c000 08:02 5305943                    /usr/lib/jvm/java-8-oracle/jre/lib/rt.jar
7f79c03b5000-7f79c0486000 rw-p 00000000 00:00 0 
7f79c0486000-7f79c0487000 ---p 00000000 00:00 0 
7f79c0487000-7f79c0587000 rw-p 00000000 00:00 0 
7f79c0587000-7f79c0588000 ---p 00000000 00:00 0 
7f79c0588000-7f79c0688000 rw-p 00000000 00:00 0 
7f79c0688000-7f79c0689000 ---p 00000000 00:00 0 
7f79c0689000-7f79c0789000 rw-p 00000000 00:00 0 
7f79c0789000-7f79c078a000 ---p 00000000 00:00 0 
7f79c078a000-7f79c0894000 rw-p 00000000 00:00 0 
7f79c0894000-7f79c0c4a000 ---p 00000000 00:00 0 
7f79c0c4a000-7f79c0c64000 r-xp 00000000 08:02 5321489                    /usr/lib/jvm/java-8-oracle/jre/lib/amd64/libzip.so
7f79c0c64000-7f79c0e64000 ---p 0001a000 08:02 5321489                    /usr/lib/jvm/java-8-oracle/jre/lib/amd64/libzip.so
7f79c0e64000-7f79c0e65000 r--p 0001a000 08:02 5321489                    /usr/lib/jvm/java-8-oracle/jre/lib/amd64/libzip.so
7f79c0e65000-7f79c0e66000 rw-p 0001b000 08:02 5321489                    /usr/lib/jvm/java-8-oracle/jre/lib/amd64/libzip.so
7f79c0e66000-7f79c0e71000 r-xp 00000000 08:02 2943284                    /lib/x86_64-linux-gnu/libnss_files-2.23.so
7f79c0e71000-7f79c1070000 ---p 0000b000 08:02 2943284                    /lib/x86_64-linux-gnu/libnss_files-2.23.so
7f79c1070000-7f79c1071000 r--p 0000a000 08:02 2943284                    /lib/x86_64-linux-gnu/libnss_files-2.23.so
7f79c1071000-7f79c1072000 rw-p 0000b000 08:02 2943284                    /lib/x86_64-linux-gnu/libnss_files-2.23.so
7f79c1072000-7f79c1078000 rw-p 00000000 00:00 0 
7f79c1078000-7f79c1083000 r-xp 00000000 08:02 2943304                    /lib/x86_64-linux-gnu/libnss_nis-2.23.so
7f79c1083000-7f79c1282000 ---p 0000b000 08:02 2943304                    /lib/x86_64-linux-gnu/libnss_nis-2.23.so
7f79c1282000-7f79c1283000 r--p 0000a000 08:02 2943304                    /lib/x86_64-linux-gnu/libnss_nis-2.23.so
7f79c1283000-7f79c1284000 rw-p 0000b000 08:02 2943304                    /lib/x86_64-linux-gnu/libnss_nis-2.23.so
7f79c1284000-7f79c129a000 r-xp 00000000 08:02 2891056                    /lib/x86_64-linux-gnu/libnsl-2.23.so
7f79c129a000-7f79c1499000 ---p 00016000 08:02 2891056                    /lib/x86_64-linux-gnu/libnsl-2.23.so
7f79c1499000-7f79c149a000 r--p 00015000 08:02 2891056                    /lib/x86_64-linux-gnu/libnsl-2.23.so
7f79c149a000-7f79c149b000 rw-p 00016000 08:02 2891056                    /lib/x86_64-linux-gnu/libnsl-2.23.so
7f79c149b000-7f79c149d000 rw-p 00000000 00:00 0 
7f79c149d000-7f79c14a5000 r-xp 00000000 08:02 2943278                    /lib/x86_64-linux-gnu/libnss_compat-2.23.so
7f79c14a5000-7f79c16a4000 ---p 00008000 08:02 2943278                    /lib/x86_64-linux-gnu/libnss_compat-2.23.so
7f79c16a4000-7f79c16a5000 r--p 00007000 08:02 2943278                    /lib/x86_64-linux-gnu/libnss_compat-2.23.so
7f79c16a5000-7f79c16a6000 rw-p 00008000 08:02 2943278                    /lib/x86_64-linux-gnu/libnss_compat-2.23.so
7f79c16a6000-7f79c16d3000 r-xp 00000000 08:02 5321483                    /usr/lib/jvm/java-8-oracle/jre/lib/amd64/libjava.so
7f79c16d3000-7f79c18d2000 ---p 0002d000 08:02 5321483                    /usr/lib/jvm/java-8-oracle/jre/lib/amd64/libjava.so
7f79c18d2000-7f79c18d3000 r--p 0002c000 08:02 5321483                    /usr/lib/jvm/java-8-oracle/jre/lib/amd64/libjava.so
7f79c18d3000-7f79c18d5000 rw-p 0002d000 08:02 5321483                    /usr/lib/jvm/java-8-oracle/jre/lib/amd64/libjava.so
7f79c18d5000-7f79c18e2000 r-xp 00000000 08:02 5321488                    /usr/lib/jvm/java-8-oracle/jre/lib/amd64/libverify.so
7f79c18e2000-7f79c1ae1000 ---p 0000d000 08:02 5321488                    /usr/lib/jvm/java-8-oracle/jre/lib/amd64/libverify.so
7f79c1ae1000-7f79c1ae3000 r--p 0000c000 08:02 5321488                    /usr/lib/jvm/java-8-oracle/jre/lib/amd64/libverify.so
7f79c1ae3000-7f79c1ae4000 rw-p 0000e000 08:02 5321488                    /usr/lib/jvm/java-8-oracle/jre/lib/amd64/libverify.so
7f79c1ae4000-7f79c1aeb000 r-xp 00000000 08:02 2943305                    /lib/x86_64-linux-gnu/librt-2.23.so
7f79c1aeb000-7f79c1cea000 ---p 00007000 08:02 2943305                    /lib/x86_64-linux-gnu/librt-2.23.so
7f79c1cea000-7f79c1ceb000 r--p 00006000 08:02 2943305                    /lib/x86_64-linux-gnu/librt-2.23.so
7f79c1ceb000-7f79c1cec000 rw-p 00007000 08:02 2943305                    /lib/x86_64-linux-gnu/librt-2.23.so
7f79c1cec000-7f79c1df4000 r-xp 00000000 08:02 2883912                    /lib/x86_64-linux-gnu/libm-2.23.so
7f79c1df4000-7f79c1ff3000 ---p 00108000 08:02 2883912                    /lib/x86_64-linux-gnu/libm-2.23.so
7f79c1ff3000-7f79c1ff4000 r--p 00107000 08:02 2883912                    /lib/x86_64-linux-gnu/libm-2.23.so
7f79c1ff4000-7f79c1ff5000 rw-p 00108000 08:02 2883912                    /lib/x86_64-linux-gnu/libm-2.23.so
7f79c1ff5000-7f79c2cd7000 r-xp 00000000 08:02 5321509                    /usr/lib/jvm/java-8-oracle/jre/lib/amd64/server/libjvm.so
7f79c2cd7000-7f79c2ed7000 ---p 00ce2000 08:02 5321509                    /usr/lib/jvm/java-8-oracle/jre/lib/amd64/server/libjvm.so
7f79c2ed7000-7f79c2f6d000 r--p 00ce2000 08:02 5321509                    /usr/lib/jvm/java-8-oracle/jre/lib/amd64/server/libjvm.so
7f79c2f6d000-7f79c2f9e000 rw-p 00d78000 08:02 5321509                    /usr/lib/jvm/java-8-oracle/jre/lib/amd64/server/libjvm.so
7f79c2f9e000-7f79c2fd9000 rw-p 00000000 00:00 0 
7f79c2fd9000-7f79c3199000 r-xp 00000000 08:02 2909604                    /lib/x86_64-linux-gnu/libc-2.23.so
7f79c3199000-7f79c3399000 ---p 001c0000 08:02 2909604                    /lib/x86_64-linux-gnu/libc-2.23.so
7f79c3399000-7f79c339d000 r--p 001c0000 08:02 2909604                    /lib/x86_64-linux-gnu/libc-2.23.so
7f79c339d000-7f79c339f000 rw-p 001c4000 08:02 2909604                    /lib/x86_64-linux-gnu/libc-2.23.so
7f79c339f000-7f79c33a3000 rw-p 00000000 00:00 0 
7f79c33a3000-7f79c33a6000 r-xp 00000000 08:02 2909606                    /lib/x86_64-linux-gnu/libdl-2.23.so
7f79c33a6000-7f79c35a5000 ---p 00003000 08:02 2909606                    /lib/x86_64-linux-gnu/libdl-2.23.so
7f79c35a5000-7f79c35a6000 r--p 00002000 08:02 2909606                    /lib/x86_64-linux-gnu/libdl-2.23.so
7f79c35a6000-7f79c35a7000 rw-p 00003000 08:02 2909606                    /lib/x86_64-linux-gnu/libdl-2.23.so
7f79c35a7000-7f79c35be000 r-xp 00000000 08:02 5321506                    /usr/lib/jvm/java-8-oracle/jre/lib/amd64/jli/libjli.so
7f79c35be000-7f79c37bd000 ---p 00017000 08:02 5321506                    /usr/lib/jvm/java-8-oracle/jre/lib/amd64/jli/libjli.so
7f79c37bd000-7f79c37be000 r--p 00016000 08:02 5321506                    /usr/lib/jvm/java-8-oracle/jre/lib/amd64/jli/libjli.so
7f79c37be000-7f79c37bf000 rw-p 00017000 08:02 5321506                    /usr/lib/jvm/java-8-oracle/jre/lib/amd64/jli/libjli.so
7f79c37bf000-7f79c37d7000 r-xp 00000000 08:02 2909593                    /lib/x86_64-linux-gnu/libpthread-2.23.so
7f79c37d7000-7f79c39d6000 ---p 00018000 08:02 2909593                    /lib/x86_64-linux-gnu/libpthread-2.23.so
7f79c39d6000-7f79c39d7000 r--p 00017000 08:02 2909593                    /lib/x86_64-linux-gnu/libpthread-2.23.so
7f79c39d7000-7f79c39d8000 rw-p 00018000 08:02 2909593                    /lib/x86_64-linux-gnu/libpthread-2.23.so
7f79c39d8000-7f79c39dc000 rw-p 00000000 00:00 0 
7f79c39dc000-7f79c3a02000 r-xp 00000000 08:02 2891058                    /lib/x86_64-linux-gnu/ld-2.23.so
7f79c3a13000-7f79c3ad8000 rw-p 00000000 00:00 0 
7f79c3ad8000-7f79c3adb000 ---p 00000000 00:00 0 
7f79c3adb000-7f79c3bdd000 rw-p 00000000 00:00 0 
7f79c3bf6000-7f79c3bfe000 rw-s 00000000 08:02 1442952                    /tmp/hsperfdata_will/30496
7f79c3bfe000-7f79c3bff000 rw-p 00000000 00:00 0 
7f79c3bff000-7f79c3c00000 r--p 00000000 00:00 0 
7f79c3c00000-7f79c3c01000 rw-p 00000000 00:00 0 
7f79c3c01000-7f79c3c02000 r--p 00025000 08:02 2891058                    /lib/x86_64-linux-gnu/ld-2.23.so
7f79c3c02000-7f79c3c03000 rw-p 00026000 08:02 2891058                    /lib/x86_64-linux-gnu/ld-2.23.so
7f79c3c03000-7f79c3c04000 rw-p 00000000 00:00 0 
7fffa7563000-7fffa7584000 rw-p 00000000 00:00 0                          [stack]
7fffa75d2000-7fffa75d5000 r--p 00000000 00:00 0                          [vvar]
7fffa75d5000-7fffa75d7000 r-xp 00000000 00:00 0                          [vdso]
ffffffffff600000-ffffffffff601000 r-xp 00000000 00:00 0                  [vsyscall]

VM Arguments:
java_command: ExampleUsage
java_class_path (initial): .
Launcher Type: SUN_STANDARD

Environment Variables:
JAVA_HOME=/usr/lib/jvm/java-8-oracle
PATH=/home/will/perl5/bin:/usr/local/sbin:/usr/local/bin:/usr/sbin:/usr/bin:/sbin:/bin:/usr/games:/usr/local/games
LD_LIBRARY_PATH=/home/will/isstac/jpf-symbc/lib/:/usr/local/lib:/home/will/tools/z3/build
SHELL=/usr/bin/zsh
DISPLAY=:0

Signal Handlers:
SIGSEGV: [libjvm.so+0xaced60], sa_mask[0]=11111111011111111101111111111110, sa_flags=SA_RESTART|SA_SIGINFO
SIGBUS: [libjvm.so+0xaced60], sa_mask[0]=11111111011111111101111111111110, sa_flags=SA_RESTART|SA_SIGINFO
SIGFPE: [libjvm.so+0x907ca0], sa_mask[0]=11111111011111111101111111111110, sa_flags=SA_RESTART|SA_SIGINFO
SIGPIPE: [libjvm.so+0x907ca0], sa_mask[0]=11111111011111111101111111111110, sa_flags=SA_RESTART|SA_SIGINFO
SIGXFSZ: [libjvm.so+0x907ca0], sa_mask[0]=11111111011111111101111111111110, sa_flags=SA_RESTART|SA_SIGINFO
SIGILL: [libjvm.so+0x907ca0], sa_mask[0]=11111111011111111101111111111110, sa_flags=SA_RESTART|SA_SIGINFO
SIGUSR1: SIG_DFL, sa_mask[0]=00000000000000000000000000000000, sa_flags=none
SIGUSR2: [libjvm.so+0x907b70], sa_mask[0]=00000000000000000000000000000000, sa_flags=SA_RESTART|SA_SIGINFO
SIGHUP: [libjvm.so+0x908190], sa_mask[0]=11111111011111111101111111111110, sa_flags=SA_RESTART|SA_SIGINFO
SIGINT: [libjvm.so+0x908190], sa_mask[0]=11111111011111111101111111111110, sa_flags=SA_RESTART|SA_SIGINFO
SIGTERM: [libjvm.so+0x908190], sa_mask[0]=11111111011111111101111111111110, sa_flags=SA_RESTART|SA_SIGINFO
SIGQUIT: [libjvm.so+0x908190], sa_mask[0]=11111111011111111101111111111110, sa_flags=SA_RESTART|SA_SIGINFO


---------------  S Y S T E M  ---------------

OS:DISTRIB_ID=neon
DISTRIB_RELEASE=16.04
DISTRIB_CODENAME=xenial
DISTRIB_DESCRIPTION="KDE neon User Edition 5.14"

uname:Linux 4.4.0-141-generic #167-Ubuntu SMP Wed Dec 5 10:40:15 UTC 2018 x86_64
libc:glibc 2.23 NPTL 2.23 
rlimit: STACK 8192k, CORE 0k, NPROC 127567, NOFILE 1048576, AS infinity
load average:0.45 0.30 0.21

/proc/meminfo:
MemTotal:       32820264 kB
MemFree:        16072108 kB
MemAvailable:   27190004 kB
Buffers:         2616456 kB
Cached:          8097276 kB
SwapCached:        12860 kB
Active:          9924136 kB
Inactive:        4948660 kB
Active(anon):    4165328 kB
Inactive(anon):   812404 kB
Active(file):    5758808 kB
Inactive(file):  4136256 kB
Unevictable:          32 kB
Mlocked:              32 kB
SwapTotal:      33427452 kB
SwapFree:       33313420 kB
Dirty:               608 kB
Writeback:             0 kB
AnonPages:       4154464 kB
Mapped:           675760 kB
Shmem:            818668 kB
Slab:            1685996 kB
SReclaimable:    1629040 kB
SUnreclaim:        56956 kB
KernelStack:       12416 kB
PageTables:        53208 kB
NFS_Unstable:          0 kB
Bounce:                0 kB
WritebackTmp:          0 kB
CommitLimit:    49837584 kB
Committed_AS:   12802040 kB
VmallocTotal:   34359738367 kB
VmallocUsed:           0 kB
VmallocChunk:          0 kB
HardwareCorrupted:     0 kB
AnonHugePages:      2048 kB
CmaTotal:              0 kB
CmaFree:               0 kB
HugePages_Total:       0
HugePages_Free:        0
HugePages_Rsvd:        0
HugePages_Surp:        0
Hugepagesize:       2048 kB
DirectMap4k:      331656 kB
DirectMap2M:    21561344 kB
DirectMap1G:    11534336 kB

container (cgroup) information:
container_type: cgroupv1
cpu_cpuset_cpus: 0-3
cpu_memory_nodes: 0
active_processor_count: 4
cpu_quota: -1
cpu_period: 100000
cpu_shares: -1
memory_limit_in_bytes: -1
memory_and_swap_limit_in_bytes: -2
memory_soft_limit_in_bytes: -1
memory_usage_in_bytes: 11639451648
memory_max_usage_in_bytes: 33063669760


CPU:total 4 (initial active 4) (4 cores per cpu, 1 threads per core) family 6 model 94 stepping 3, cmov, cx8, fxsr, mmx, sse, sse2, sse3, ssse3, sse4.1, sse4.2, popcnt, avx, avx2, aes, clmul, erms, rtm, 3dnowpref, lzcnt, tsc, tscinvbit, bmi1, bmi2, adx

/proc/cpuinfo:
processor	: 0
vendor_id	: GenuineIntel
cpu family	: 6
model		: 94
model name	: Intel(R) Core(TM) i5-6600K CPU @ 3.50GHz
stepping	: 3
microcode	: 0xc6
cpu MHz		: 1883.437
cache size	: 6144 KB
physical id	: 0
siblings	: 4
core id		: 0
cpu cores	: 4
apicid		: 0
initial apicid	: 0
fpu		: yes
fpu_exception	: yes
cpuid level	: 22
wp		: yes
flags		: fpu vme de pse tsc msr pae mce cx8 apic sep mtrr pge mca cmov pat pse36 clflush dts acpi mmx fxsr sse sse2 ss ht tm pbe syscall nx pdpe1gb rdtscp lm constant_tsc art arch_perfmon pebs bts rep_good nopl xtopology nonstop_tsc aperfmperf pni pclmulqdq dtes64 monitor ds_cpl vmx est tm2 ssse3 sdbg fma cx16 xtpr pdcm pcid sse4_1 sse4_2 x2apic movbe popcnt tsc_deadline_timer aes xsave avx f16c rdrand lahf_lm abm 3dnowprefetch epb invpcid_single intel_pt ssbd ibrs ibpb stibp kaiser tpr_shadow vnmi flexpriority ept vpid fsgsbase tsc_adjust bmi1 hle avx2 smep bmi2 erms invpcid rtm mpx rdseed adx smap clflushopt xsaveopt xsavec xgetbv1 dtherm ida arat pln pts hwp hwp_notify hwp_act_window hwp_epp flush_l1d
bugs		: cpu_meltdown spectre_v1 spectre_v2 spec_store_bypass l1tf
bogomips	: 7007.85
clflush size	: 64
cache_alignment	: 64
address sizes	: 39 bits physical, 48 bits virtual
power management:

processor	: 1
vendor_id	: GenuineIntel
cpu family	: 6
model		: 94
model name	: Intel(R) Core(TM) i5-6600K CPU @ 3.50GHz
stepping	: 3
microcode	: 0xc6
cpu MHz		: 1997.187
cache size	: 6144 KB
physical id	: 0
siblings	: 4
core id		: 1
cpu cores	: 4
apicid		: 2
initial apicid	: 2
fpu		: yes
fpu_exception	: yes
cpuid level	: 22
wp		: yes
flags		: fpu vme de pse tsc msr pae mce cx8 apic sep mtrr pge mca cmov pat pse36 clflush dts acpi mmx fxsr sse sse2 ss ht tm pbe syscall nx pdpe1gb rdtscp lm constant_tsc art arch_perfmon pebs bts rep_good nopl xtopology nonstop_tsc aperfmperf pni pclmulqdq dtes64 monitor ds_cpl vmx est tm2 ssse3 sdbg fma cx16 xtpr pdcm pcid sse4_1 sse4_2 x2apic movbe popcnt tsc_deadline_timer aes xsave avx f16c rdrand lahf_lm abm 3dnowprefetch epb invpcid_single intel_pt ssbd ibrs ibpb stibp kaiser tpr_shadow vnmi flexpriority ept vpid fsgsbase tsc_adjust bmi1 hle avx2 smep bmi2 erms invpcid rtm mpx rdseed adx smap clflushopt xsaveopt xsavec xgetbv1 dtherm ida arat pln pts hwp hwp_notify hwp_act_window hwp_epp flush_l1d
bugs		: cpu_meltdown spectre_v1 spectre_v2 spec_store_bypass l1tf
bogomips	: 7007.85
clflush size	: 64
cache_alignment	: 64
address sizes	: 39 bits physical, 48 bits virtual
power management:

processor	: 2
vendor_id	: GenuineIntel
cpu family	: 6
model		: 94
model name	: Intel(R) Core(TM) i5-6600K CPU @ 3.50GHz
stepping	: 3
microcode	: 0xc6
cpu MHz		: 2326.542
cache size	: 6144 KB
physical id	: 0
siblings	: 4
core id		: 2
cpu cores	: 4
apicid		: 4
initial apicid	: 4
fpu		: yes
fpu_exception	: yes
cpuid level	: 22
wp		: yes
flags		: fpu vme de pse tsc msr pae mce cx8 apic sep mtrr pge mca cmov pat pse36 clflush dts acpi mmx fxsr sse sse2 ss ht tm pbe syscall nx pdpe1gb rdtscp lm constant_tsc art arch_perfmon pebs bts rep_good nopl xtopology nonstop_tsc aperfmperf pni pclmulqdq dtes64 monitor ds_cpl vmx est tm2 ssse3 sdbg fma cx16 xtpr pdcm pcid sse4_1 sse4_2 x2apic movbe popcnt tsc_deadline_timer aes xsave avx f16c rdrand lahf_lm abm 3dnowprefetch epb invpcid_single intel_pt ssbd ibrs ibpb stibp kaiser tpr_shadow vnmi flexpriority ept vpid fsgsbase tsc_adjust bmi1 hle avx2 smep bmi2 erms invpcid rtm mpx rdseed adx smap clflushopt xsaveopt xsavec xgetbv1 dtherm ida arat pln pts hwp hwp_notify hwp_act_window hwp_epp flush_l1d
bugs		: cpu_meltdown spectre_v1 spectre_v2 spec_store_bypass l1tf
bogomips	: 7007.85
clflush size	: 64
cache_alignment	: 64
address sizes	: 39 bits physical, 48 bits virtual
power management:

processor	: 3
vendor_id	: GenuineIntel
cpu family	: 6
model		: 94
model name	: Intel(R) Core(TM) i5-6600K CPU @ 3.50GHz
stepping	: 3
microcode	: 0xc6
cpu MHz		: 2490.195
cache size	: 6144 KB
physical id	: 0
siblings	: 4
core id		: 3
cpu cores	: 4
apicid		: 6
initial apicid	: 6
fpu		: yes
fpu_exception	: yes
cpuid level	: 22
wp		: yes
flags		: fpu vme de pse tsc msr pae mce cx8 apic sep mtrr pge mca cmov pat pse36 clflush dts acpi mmx fxsr sse sse2 ss ht tm pbe syscall nx pdpe1gb rdtscp lm constant_tsc art arch_perfmon pebs bts rep_good nopl xtopology nonstop_tsc aperfmperf pni pclmulqdq dtes64 monitor ds_cpl vmx est tm2 ssse3 sdbg fma cx16 xtpr pdcm pcid sse4_1 sse4_2 x2apic movbe popcnt tsc_deadline_timer aes xsave avx f16c rdrand lahf_lm abm 3dnowprefetch epb invpcid_single intel_pt ssbd ibrs ibpb stibp kaiser tpr_shadow vnmi flexpriority ept vpid fsgsbase tsc_adjust bmi1 hle avx2 smep bmi2 erms invpcid rtm mpx rdseed adx smap clflushopt xsaveopt xsavec xgetbv1 dtherm ida arat pln pts hwp hwp_notify hwp_act_window hwp_epp flush_l1d
bugs		: cpu_meltdown spectre_v1 spectre_v2 spec_store_bypass l1tf
bogomips	: 7007.85
clflush size	: 64
cache_alignment	: 64
address sizes	: 39 bits physical, 48 bits virtual
power management:



Memory: 4k page, physical 32820264k(16072988k free), swap 33427452k(33313420k free)

vm_info: Java HotSpot(TM) 64-Bit Server VM (25.191-b12) for linux-amd64 JRE (1.8.0_191-b12), built on Oct  6 2018 05:43:09 by "java_re" with gcc 7.3.0

time: Fri Apr 26 18:00:24 2019
elapsed time: 0 seconds (0d 0h 0m 0s)

